[0m2021.03.02 10:41:06 INFO  tracing is disabled for protocol LSP, to enable tracing of incoming and outgoing JSON messages create an empty file at c:\Users\zp866\Documents\GitHub\zpengg.github.io\docs\null\scalameta\metals\cache\lsp.trace.json[0m
[0m2021.03.02 10:41:06 INFO  Starting Metals server with configuration: MetalsServerConfig(
  glob-syntax=GlobSyntaxConfig(vscode),
  status-bar=StatusBarConfig(off),
  open-files-on-rename=false,
  rename-file-threshold=300,
  slow-task=SlowTaskConfig(off),
  execute-client-command=ExecuteClientCommandConfig(off),
  compilers=PresentationCompilerConfigImpl(false,Some(editor.action.triggerParameterHints),Some(editor.action.triggerSuggest),Map(scala/collection/mutable/ -> mutable., java/util/ -> ju.),Unicode,true,true,true,true,true,true,true,scala.meta.internal.pc.PresentationCompilerConfigImpl$$$Lambda$72/0x00000008001ee040@3224a577,20,SECONDS),
  http=false,
  input-box=false,
  ask-to-reconnect=false,
  icons=vscode,
  statistics=StatisticsConfig(default),
  bloop-port=default
)[0m
[0m2021.03.02 10:41:07 INFO  logging to file C:\Users\zp866\Documents\GitHub\zpengg.github.io\docs\.metals\metals.log[0m
[0m2021.03.03 08:54:29 INFO  tracing is disabled for protocol LSP, to enable tracing of incoming and outgoing JSON messages create an empty file at c:\Users\zp866\Documents\GitHub\zpengg.github.io\docs\null\scalameta\metals\cache\lsp.trace.json[0m
[0m2021.03.03 08:54:29 INFO  Starting Metals server with configuration: MetalsServerConfig(
  glob-syntax=GlobSyntaxConfig(vscode),
  status-bar=StatusBarConfig(off),
  open-files-on-rename=false,
  rename-file-threshold=300,
  slow-task=SlowTaskConfig(off),
  execute-client-command=ExecuteClientCommandConfig(off),
  compilers=PresentationCompilerConfigImpl(false,Some(editor.action.triggerParameterHints),Some(editor.action.triggerSuggest),Map(scala/collection/mutable/ -> mutable., java/util/ -> ju.),Unicode,true,true,true,true,true,true,true,scala.meta.internal.pc.PresentationCompilerConfigImpl$$$Lambda$72/0x00000008001ee040@f627d13,20,SECONDS),
  http=false,
  input-box=false,
  ask-to-reconnect=false,
  icons=vscode,
  statistics=StatisticsConfig(default),
  bloop-port=default
)[0m
[0m2021.03.03 08:54:30 INFO  logging to file C:\Users\zp866\Documents\GitHub\zpengg.github.io\docs\.metals\metals.log[0m
[0m2021.03.03 14:41:30 INFO  tracing is disabled for protocol LSP, to enable tracing of incoming and outgoing JSON messages create an empty file at c:\Users\zp866\Documents\GitHub\zpengg.github.io\docs\null\scalameta\metals\cache\lsp.trace.json[0m
[0m2021.03.03 14:41:30 INFO  Starting Metals server with configuration: MetalsServerConfig(
  glob-syntax=GlobSyntaxConfig(vscode),
  status-bar=StatusBarConfig(off),
  open-files-on-rename=false,
  rename-file-threshold=300,
  slow-task=SlowTaskConfig(off),
  execute-client-command=ExecuteClientCommandConfig(off),
  compilers=PresentationCompilerConfigImpl(false,Some(editor.action.triggerParameterHints),Some(editor.action.triggerSuggest),Map(scala/collection/mutable/ -> mutable., java/util/ -> ju.),Unicode,true,true,true,true,true,true,true,scala.meta.internal.pc.PresentationCompilerConfigImpl$$$Lambda$72/0x00000008001ee040@f627d13,20,SECONDS),
  http=false,
  input-box=false,
  ask-to-reconnect=false,
  icons=vscode,
  statistics=StatisticsConfig(default),
  bloop-port=default
)[0m
[0m2021.03.03 14:41:30 INFO  logging to file C:\Users\zp866\Documents\GitHub\zpengg.github.io\docs\.metals\metals.log[0m
[0m2021.03.04 15:46:13 INFO  tracing is disabled for protocol LSP, to enable tracing of incoming and outgoing JSON messages create an empty file at c:\Users\zp866\Documents\GitHub\zpengg.github.io\docs\null\scalameta\metals\cache\lsp.trace.json[0m
[0m2021.03.04 15:46:13 INFO  Starting Metals server with configuration: MetalsServerConfig(
  glob-syntax=GlobSyntaxConfig(vscode),
  status-bar=StatusBarConfig(off),
  open-files-on-rename=false,
  rename-file-threshold=300,
  slow-task=SlowTaskConfig(off),
  execute-client-command=ExecuteClientCommandConfig(off),
  compilers=PresentationCompilerConfigImpl(false,Some(editor.action.triggerParameterHints),Some(editor.action.triggerSuggest),Map(scala/collection/mutable/ -> mutable., java/util/ -> ju.),Unicode,true,true,true,true,true,true,true,scala.meta.internal.pc.PresentationCompilerConfigImpl$$$Lambda$72/0x00000008001ee040@f627d13,20,SECONDS),
  http=false,
  input-box=false,
  ask-to-reconnect=false,
  icons=vscode,
  statistics=StatisticsConfig(default),
  bloop-port=default
)[0m
[0m2021.03.04 15:46:13 INFO  logging to file C:\Users\zp866\Documents\GitHub\zpengg.github.io\docs\.metals\metals.log[0m
[0m2021.03.05 09:20:11 INFO  tracing is disabled for protocol LSP, to enable tracing of incoming and outgoing JSON messages create an empty file at c:\Users\zp866\Documents\GitHub\zpengg.github.io\docs\null\scalameta\metals\cache\lsp.trace.json[0m
[0m2021.03.05 09:20:11 INFO  Starting Metals server with configuration: MetalsServerConfig(
  glob-syntax=GlobSyntaxConfig(vscode),
  status-bar=StatusBarConfig(off),
  open-files-on-rename=false,
  rename-file-threshold=300,
  slow-task=SlowTaskConfig(off),
  execute-client-command=ExecuteClientCommandConfig(off),
  compilers=PresentationCompilerConfigImpl(false,Some(editor.action.triggerParameterHints),Some(editor.action.triggerSuggest),Map(scala/collection/mutable/ -> mutable., java/util/ -> ju.),Unicode,true,true,true,true,true,true,true,scala.meta.internal.pc.PresentationCompilerConfigImpl$$$Lambda$72/0x00000008001ee040@f627d13,20,SECONDS),
  http=false,
  input-box=false,
  ask-to-reconnect=false,
  icons=vscode,
  statistics=StatisticsConfig(default),
  bloop-port=default
)[0m
[0m2021.03.05 09:20:11 INFO  logging to file C:\Users\zp866\Documents\GitHub\zpengg.github.io\docs\.metals\metals.log[0m
